# JRE version: OpenJDK Runtime Environment (8.0_202-b03) (build 1.8.0_202-release-1483-b03)
# Java VM: OpenJDK 64-Bit Server VM (25.202-b03 mixed mode windows-amd64 compressed oops)
Heap:
 PSYoungGen      total 403456K, used 117531K [0x00000000e0000000, 0x00000000ff400000, 0x0000000100000000)
  eden space 309248K, 32% used [0x00000000e0000000,0x00000000e60b6d18,0x00000000f2e00000)
  from space 94208K, 19% used [0x00000000f9800000,0x00000000faa10030,0x00000000ff400000)
  to   space 101376K, 0% used [0x00000000f2e00000,0x00000000f2e00000,0x00000000f9100000)
 ParOldGen       total 429056K, used 170662K [0x00000000a0000000, 0x00000000ba300000, 0x00000000e0000000)
  object space 429056K, 39% used [0x00000000a0000000,0x00000000aa6a9870,0x00000000ba300000)
 Metaspace       used 97816K, capacity 101792K, committed 102104K, reserved 1138688K
  class space    used 12295K, capacity 13070K, committed 13272K, reserved 1048576K
GC Heap History (10 events):
Event: 5430.368 GC heap before
{Heap before GC invocations=43 (full 7):
 PSYoungGen      total 397824K, used 277095K [0x00000000e0000000, 0x0000000100000000, 0x0000000100000000)
  eden space 271360K, 100% used [0x00000000e0000000,0x00000000f0900000,0x00000000f0900000)
  from space 126464K, 4% used [0x00000000f0900000,0x00000000f0e99c28,0x00000000f8480000)
  to   space 125440K, 0% used [0x00000000f8580000,0x00000000f8580000,0x0000000100000000)
 ParOldGen       total 429056K, used 170622K [0x00000000a0000000, 0x00000000ba300000, 0x00000000e0000000)
  object space 429056K, 39% used [0x00000000a0000000,0x00000000aa69f870,0x00000000ba300000)
 Metaspace       used 93963K, capacity 97184K, committed 97752K, reserved 1134592K
  class space    used 11921K, capacity 12537K, committed 12760K, reserved 1048576K
Event: 5430.453 GC heap after
Heap after GC invocations=43 (full 7):
 PSYoungGen      total 384512K, used 30940K [0x00000000e0000000, 0x00000000ff300000, 0x0000000100000000)
  eden space 272384K, 0% used [0x00000000e0000000,0x00000000e0000000,0x00000000f0a00000)
  from space 112128K, 27% used [0x00000000f8580000,0x00000000fa3b7228,0x00000000ff300000)
  to   space 119296K, 0% used [0x00000000f0a00000,0x00000000f0a00000,0x00000000f7e80000)
 ParOldGen       total 429056K, used 170630K [0x00000000a0000000, 0x00000000ba300000, 0x00000000e0000000)
  object space 429056K, 39% used [0x00000000a0000000,0x00000000aa6a1870,0x00000000ba300000)
 Metaspace       used 93963K, capacity 97184K, committed 97752K, reserved 1134592K
  class space    used 11921K, capacity 12537K, committed 12760K, reserved 1048576K
}
Event: 5435.286 GC heap before
{Heap before GC invocations=44 (full 7):
 PSYoungGen      total 384512K, used 303324K [0x00000000e0000000, 0x00000000ff300000, 0x0000000100000000)
  eden space 272384K, 100% used [0x00000000e0000000,0x00000000f0a00000,0x00000000f0a00000)
  from space 112128K, 27% used [0x00000000f8580000,0x00000000fa3b7228,0x00000000ff300000)
  to   space 119296K, 0% used [0x00000000f0a00000,0x00000000f0a00000,0x00000000f7e80000)
 ParOldGen       total 429056K, used 170630K [0x00000000a0000000, 0x00000000ba300000, 0x00000000e0000000)
  object space 429056K, 39% used [0x00000000a0000000,0x00000000aa6a1870,0x00000000ba300000)
 Metaspace       used 96759K, capacity 100434K, committed 100568K, reserved 1136640K
  class space    used 12210K, capacity 12908K, committed 13016K, reserved 1048576K
Event: 5435.410 GC heap after
Heap after GC invocations=44 (full 7):
 PSYoungGen      total 391680K, used 26984K [0x00000000e0000000, 0x00000000ffc00000, 0x0000000100000000)
  eden space 272384K, 0% used [0x00000000e0000000,0x00000000e0000000,0x00000000f0a00000)
  from space 119296K, 22% used [0x00000000f0a00000,0x00000000f245a290,0x00000000f7e80000)
  to   space 113664K, 0% used [0x00000000f8d00000,0x00000000f8d00000,0x00000000ffc00000)
 ParOldGen       total 429056K, used 170638K [0x00000000a0000000, 0x00000000ba300000, 0x00000000e0000000)
  object space 429056K, 39% used [0x00000000a0000000,0x00000000aa6a3870,0x00000000ba300000)
 Metaspace       used 96759K, capacity 100434K, committed 100568K, reserved 1136640K
  class space    used 12210K, capacity 12908K, committed 13016K, reserved 1048576K
}
Event: 5438.570 GC heap before
{Heap before GC invocations=45 (full 7):
 PSYoungGen      total 391680K, used 299368K [0x00000000e0000000, 0x00000000ffc00000, 0x0000000100000000)
  eden space 272384K, 100% used [0x00000000e0000000,0x00000000f0a00000,0x00000000f0a00000)
  from space 119296K, 22% used [0x00000000f0a00000,0x00000000f245a290,0x00000000f7e80000)
  to   space 113664K, 0% used [0x00000000f8d00000,0x00000000f8d00000,0x00000000ffc00000)
 ParOldGen       total 429056K, used 170638K [0x00000000a0000000, 0x00000000ba300000, 0x00000000e0000000)
  object space 429056K, 39% used [0x00000000a0000000,0x00000000aa6a3870,0x00000000ba300000)
 Metaspace       used 96959K, capacity 100590K, committed 100824K, reserved 1136640K
  class space    used 12211K, capacity 12908K, committed 13016K, reserved 1048576K
Event: 5438.630 GC heap after
Heap after GC invocations=45 (full 7):
 PSYoungGen      total 394240K, used 22721K [0x00000000e0000000, 0x00000000ff180000, 0x0000000100000000)
  eden space 291328K, 0% used [0x00000000e0000000,0x00000000e0000000,0x00000000f1c80000)
  from space 102912K, 22% used [0x00000000f8d00000,0x00000000fa330658,0x00000000ff180000)
  to   space 109056K, 0% used [0x00000000f1c80000,0x00000000f1c80000,0x00000000f8700000)
 ParOldGen       total 429056K, used 170646K [0x00000000a0000000, 0x00000000ba300000, 0x00000000e0000000)
  object space 429056K, 39% used [0x00000000a0000000,0x00000000aa6a5870,0x00000000ba300000)
 Metaspace       used 96959K, capacity 100590K, committed 100824K, reserved 1136640K
  class space    used 12211K, capacity 12908K, committed 13016K, reserved 1048576K
}
Event: 5442.599 GC heap before
{Heap before GC invocations=46 (full 7):
 PSYoungGen      total 394240K, used 314049K [0x00000000e0000000, 0x00000000ff180000, 0x0000000100000000)
  eden space 291328K, 100% used [0x00000000e0000000,0x00000000f1c80000,0x00000000f1c80000)
  from space 102912K, 22% used [0x00000000f8d00000,0x00000000fa330658,0x00000000ff180000)
  to   space 109056K, 0% used [0x00000000f1c80000,0x00000000f1c80000,0x00000000f8700000)
 ParOldGen       total 429056K, used 170646K [0x00000000a0000000, 0x00000000ba300000, 0x00000000e0000000)
  object space 429056K, 39% used [0x00000000a0000000,0x00000000aa6a5870,0x00000000ba300000)
 Metaspace       used 97186K, capacity 100882K, committed 101208K, reserved 1136640K
  class space    used 12216K, capacity 12914K, committed 13144K, reserved 1048576K
Event: 5442.644 GC heap after
Heap after GC invocations=46 (full 7):
 PSYoungGen      total 400384K, used 18674K [0x00000000e0000000, 0x00000000fff00000, 0x0000000100000000)
  eden space 291328K, 0% used [0x00000000e0000000,0x00000000e0000000,0x00000000f1c80000)
  from space 109056K, 17% used [0x00000000f1c80000,0x00000000f2ebcb68,0x00000000f8700000)
  to   space 105472K, 0% used [0x00000000f9800000,0x00000000f9800000,0x00000000fff00000)
 ParOldGen       total 429056K, used 170654K [0x00000000a0000000, 0x00000000ba300000, 0x00000000e0000000)
  object space 429056K, 39% used [0x00000000a0000000,0x00000000aa6a7870,0x00000000ba300000)
 Metaspace       used 97186K, capacity 100882K, committed 101208K, reserved 1136640K
  class space    used 12216K, capacity 12914K, committed 13144K, reserved 1048576K
}
Event: 5875.451 GC heap before
{Heap before GC invocations=47 (full 7):
 PSYoungGen      total 400384K, used 310002K [0x00000000e0000000, 0x00000000fff00000, 0x0000000100000000)
  eden space 291328K, 100% used [0x00000000e0000000,0x00000000f1c80000,0x00000000f1c80000)
  from space 109056K, 17% used [0x00000000f1c80000,0x00000000f2ebcb68,0x00000000f8700000)
  to   space 105472K, 0% used [0x00000000f9800000,0x00000000f9800000,0x00000000fff00000)
 ParOldGen       total 429056K, used 170654K [0x00000000a0000000, 0x00000000ba300000, 0x00000000e0000000)
  object space 429056K, 39% used [0x00000000a0000000,0x00000000aa6a7870,0x00000000ba300000)
 Metaspace       used 97700K, capacity 101638K, committed 101976K, reserved 1138688K
  class space    used 12282K, capacity 13055K, committed 13144K, reserved 1048576K
Event: 5875.550 GC heap after
Heap after GC invocations=47 (full 7):
 PSYoungGen      total 403456K, used 18496K [0x00000000e0000000, 0x00000000ff400000, 0x0000000100000000)
  eden space 309248K, 0% used [0x00000000e0000000,0x00000000e0000000,0x00000000f2e00000)
  from space 94208K, 19% used [0x00000000f9800000,0x00000000faa10030,0x00000000ff400000)
  to   space 101376K, 0% used [0x00000000f2e00000,0x00000000f2e00000,0x00000000f9100000)
 ParOldGen       total 429056K, used 170662K [0x00000000a0000000, 0x00000000ba300000, 0x00000000e0000000)
  object space 429056K, 39% used [0x00000000a0000000,0x00000000aa6a9870,0x00000000ba300000)
 Metaspace       used 97700K, capacity 101638K, committed 101976K, reserved 1138688K
  class space    used 12282K, capacity 13055K, committed 13144K, reserved 1048576K
}

