# JRE version: OpenJDK Runtime Environment (8.0_202-b03) (build 1.8.0_202-release-1483-b03)
# Java VM: OpenJDK 64-Bit Server VM (25.202-b03 mixed mode windows-amd64 compressed oops)
Heap:
 PSYoungGen      total 305664K, used 194163K [0x00000000e0000000, 0x00000000fad80000, 0x0000000100000000)
  eden space 194560K, 42% used [0x00000000e0000000,0x00000000e5121598,0x00000000ebe00000)
  from space 111104K, 99% used [0x00000000ebe00000,0x00000000f2a7b9a8,0x00000000f2a80000)
  to   space 90112K, 0% used [0x00000000f2a80000,0x00000000f2a80000,0x00000000f8280000)
 ParOldGen       total 407040K, used 260201K [0x00000000a0000000, 0x00000000b8d80000, 0x00000000e0000000)
  object space 407040K, 63% used [0x00000000a0000000,0x00000000afe1a570,0x00000000b8d80000)
 Metaspace       used 95724K, capacity 98764K, committed 98968K, reserved 1134592K
  class space    used 12255K, capacity 12924K, committed 12968K, reserved 1048576K
GC Heap History (10 events):
Event: 68.216 GC heap before
{Heap before GC invocations=36 (full 5):
 PSYoungGen      total 293376K, used 203349K [0x00000000e0000000, 0x00000000f8980000, 0x0000000100000000)
  eden space 193024K, 100% used [0x00000000e0000000,0x00000000ebc80000,0x00000000ebc80000)
  from space 100352K, 10% used [0x00000000f2780000,0x00000000f3195530,0x00000000f8980000)
  to   space 104960K, 0% used [0x00000000ebc80000,0x00000000ebc80000,0x00000000f2300000)
 ParOldGen       total 407040K, used 241851K [0x00000000a0000000, 0x00000000b8d80000, 0x00000000e0000000)
  object space 407040K, 59% used [0x00000000a0000000,0x00000000aec2efc0,0x00000000b8d80000)
 Metaspace       used 78298K, capacity 81048K, committed 81176K, reserved 1120256K
  class space    used 10438K, capacity 11034K, committed 11048K, reserved 1048576K
Event: 68.294 GC heap after
Heap after GC invocations=36 (full 5):
 PSYoungGen      total 297984K, used 24172K [0x00000000e0000000, 0x00000000f8f80000, 0x0000000100000000)
  eden space 193024K, 0% used [0x00000000e0000000,0x00000000e0000000,0x00000000ebc80000)
  from space 104960K, 23% used [0x00000000ebc80000,0x00000000ed41b0d0,0x00000000f2300000)
  to   space 100352K, 0% used [0x00000000f2d80000,0x00000000f2d80000,0x00000000f8f80000)
 ParOldGen       total 407040K, used 241859K [0x00000000a0000000, 0x00000000b8d80000, 0x00000000e0000000)
  object space 407040K, 59% used [0x00000000a0000000,0x00000000aec30fc0,0x00000000b8d80000)
 Metaspace       used 78298K, capacity 81048K, committed 81176K, reserved 1120256K
  class space    used 10438K, capacity 11034K, committed 11048K, reserved 1048576K
}
Event: 93.172 GC heap before
{Heap before GC invocations=37 (full 5):
 PSYoungGen      total 297984K, used 217196K [0x00000000e0000000, 0x00000000f8f80000, 0x0000000100000000)
  eden space 193024K, 100% used [0x00000000e0000000,0x00000000ebc80000,0x00000000ebc80000)
  from space 104960K, 23% used [0x00000000ebc80000,0x00000000ed41b0d0,0x00000000f2300000)
  to   space 100352K, 0% used [0x00000000f2d80000,0x00000000f2d80000,0x00000000f8f80000)
 ParOldGen       total 407040K, used 241859K [0x00000000a0000000, 0x00000000b8d80000, 0x00000000e0000000)
  object space 407040K, 59% used [0x00000000a0000000,0x00000000aec30fc0,0x00000000b8d80000)
 Metaspace       used 80910K, capacity 83822K, committed 83992K, reserved 1122304K
  class space    used 10651K, capacity 11299K, committed 11304K, reserved 1048576K
Event: 93.197 GC heap after
Heap after GC invocations=37 (full 5):
 PSYoungGen      total 295424K, used 19222K [0x00000000e0000000, 0x00000000f8500000, 0x0000000100000000)
  eden space 205824K, 0% used [0x00000000e0000000,0x00000000e0000000,0x00000000ec900000)
  from space 89600K, 21% used [0x00000000f2d80000,0x00000000f4045b40,0x00000000f8500000)
  to   space 96256K, 0% used [0x00000000ec900000,0x00000000ec900000,0x00000000f2700000)
 ParOldGen       total 407040K, used 241867K [0x00000000a0000000, 0x00000000b8d80000, 0x00000000e0000000)
  object space 407040K, 59% used [0x00000000a0000000,0x00000000aec32fc0,0x00000000b8d80000)
 Metaspace       used 80910K, capacity 83822K, committed 83992K, reserved 1122304K
  class space    used 10651K, capacity 11299K, committed 11304K, reserved 1048576K
}
Event: 101.070 GC heap before
{Heap before GC invocations=38 (full 5):
 PSYoungGen      total 295424K, used 225046K [0x00000000e0000000, 0x00000000f8500000, 0x0000000100000000)
  eden space 205824K, 100% used [0x00000000e0000000,0x00000000ec900000,0x00000000ec900000)
  from space 89600K, 21% used [0x00000000f2d80000,0x00000000f4045b40,0x00000000f8500000)
  to   space 96256K, 0% used [0x00000000ec900000,0x00000000ec900000,0x00000000f2700000)
 ParOldGen       total 407040K, used 241867K [0x00000000a0000000, 0x00000000b8d80000, 0x00000000e0000000)
  object space 407040K, 59% used [0x00000000a0000000,0x00000000aec32fc0,0x00000000b8d80000)
 Metaspace       used 85208K, capacity 88246K, committed 88472K, reserved 1126400K
  class space    used 11188K, capacity 11855K, committed 11944K, reserved 1048576K
Event: 101.107 GC heap after
Heap after GC invocations=38 (full 5):
 PSYoungGen      total 302080K, used 32716K [0x00000000e0000000, 0x00000000f8280000, 0x0000000100000000)
  eden space 205824K, 0% used [0x00000000e0000000,0x00000000e0000000,0x00000000ec900000)
  from space 96256K, 33% used [0x00000000ec900000,0x00000000ee8f3200,0x00000000f2700000)
  to   space 90112K, 0% used [0x00000000f2a80000,0x00000000f2a80000,0x00000000f8280000)
 ParOldGen       total 407040K, used 241875K [0x00000000a0000000, 0x00000000b8d80000, 0x00000000e0000000)
  object space 407040K, 59% used [0x00000000a0000000,0x00000000aec34fc0,0x00000000b8d80000)
 Metaspace       used 85208K, capacity 88246K, committed 88472K, reserved 1126400K
  class space    used 11188K, capacity 11855K, committed 11944K, reserved 1048576K
}
Event: 105.337 GC heap before
{Heap before GC invocations=39 (full 5):
 PSYoungGen      total 302080K, used 238540K [0x00000000e0000000, 0x00000000f8280000, 0x0000000100000000)
  eden space 205824K, 100% used [0x00000000e0000000,0x00000000ec900000,0x00000000ec900000)
  from space 96256K, 33% used [0x00000000ec900000,0x00000000ee8f3200,0x00000000f2700000)
  to   space 90112K, 0% used [0x00000000f2a80000,0x00000000f2a80000,0x00000000f8280000)
 ParOldGen       total 407040K, used 241875K [0x00000000a0000000, 0x00000000b8d80000, 0x00000000e0000000)
  object space 407040K, 59% used [0x00000000a0000000,0x00000000aec34fc0,0x00000000b8d80000)
 Metaspace       used 89516K, capacity 92514K, committed 92696K, reserved 1130496K
  class space    used 11611K, capacity 12277K, committed 12328K, reserved 1048576K
Event: 105.429 GC heap after
Heap after GC invocations=39 (full 5):
 PSYoungGen      total 284672K, used 90090K [0x00000000e0000000, 0x00000000fad80000, 0x0000000100000000)
  eden space 194560K, 0% used [0x00000000e0000000,0x00000000e0000000,0x00000000ebe00000)
  from space 90112K, 99% used [0x00000000f2a80000,0x00000000f827a800,0x00000000f8280000)
  to   space 111104K, 0% used [0x00000000ebe00000,0x00000000ebe00000,0x00000000f2a80000)
 ParOldGen       total 407040K, used 257780K [0x00000000a0000000, 0x00000000b8d80000, 0x00000000e0000000)
  object space 407040K, 63% used [0x00000000a0000000,0x00000000afbbd240,0x00000000b8d80000)
 Metaspace       used 89516K, capacity 92514K, committed 92696K, reserved 1130496K
  class space    used 11611K, capacity 12277K, committed 12328K, reserved 1048576K
}
Event: 108.295 GC heap before
{Heap before GC invocations=40 (full 5):
 PSYoungGen      total 284672K, used 284650K [0x00000000e0000000, 0x00000000fad80000, 0x0000000100000000)
  eden space 194560K, 100% used [0x00000000e0000000,0x00000000ebe00000,0x00000000ebe00000)
  from space 90112K, 99% used [0x00000000f2a80000,0x00000000f827a800,0x00000000f8280000)
  to   space 111104K, 0% used [0x00000000ebe00000,0x00000000ebe00000,0x00000000f2a80000)
 ParOldGen       total 407040K, used 257780K [0x00000000a0000000, 0x00000000b8d80000, 0x00000000e0000000)
  object space 407040K, 63% used [0x00000000a0000000,0x00000000afbbd240,0x00000000b8d80000)
 Metaspace       used 94649K, capacity 97722K, committed 98072K, reserved 1134592K
  class space    used 12157K, capacity 12817K, committed 12840K, reserved 1048576K
Event: 108.449 GC heap after
Heap after GC invocations=40 (full 5):
 PSYoungGen      total 305664K, used 111086K [0x00000000e0000000, 0x00000000fad80000, 0x0000000100000000)
  eden space 194560K, 0% used [0x00000000e0000000,0x00000000e0000000,0x00000000ebe00000)
  from space 111104K, 99% used [0x00000000ebe00000,0x00000000f2a7b9a8,0x00000000f2a80000)
  to   space 90112K, 0% used [0x00000000f2a80000,0x00000000f2a80000,0x00000000f8280000)
 ParOldGen       total 407040K, used 260201K [0x00000000a0000000, 0x00000000b8d80000, 0x00000000e0000000)
  object space 407040K, 63% used [0x00000000a0000000,0x00000000afe1a570,0x00000000b8d80000)
 Metaspace       used 94649K, capacity 97722K, committed 98072K, reserved 1134592K
  class space    used 12157K, capacity 12817K, committed 12840K, reserved 1048576K
}

